<?xml version="1.0" encoding="UTF-8"?>
<!-- Generated by org.testng.reporters.JUnitReportReporter -->
<testsuite hostname="DESKTOP-7T06DAI" failures="0" tests="4" name="com.crm.qa.testCases.HomePageTest" time="66.968" errors="0" timestamp="2022-04-21T12:05:01 EDT" skipped="0">
  <testcase classname="com.crm.qa.testCases.HomePageTest" name="verifyHomePageTitleTest" time="9.904"/>
  <system-out/>
  <testcase classname="com.crm.qa.testCases.HomePageTest" name="verifyUserNameTest" time="21.074"/>
  <system-out/>
  <testcase classname="com.crm.qa.testCases.HomePageTest" name="verifyContactsLinkTest" time="18.009"/>
  <system-out/>
  <testcase classname="com.crm.qa.testCases.HomePageTest" name="verifyDealsLinkTest" time="17.981"/>
  <system-out/>
</testsuite> <!-- com.crm.qa.testCases.HomePageTest -->
