<?xml version="1.0" encoding="UTF-8"?>
<!-- Generated by org.testng.reporters.JUnitReportReporter -->
<testsuite hostname="DESKTOP-7T06DAI" failures="0" tests="3" name="com.crm.qa.testCases.LoginPageTest" time="26.314" errors="0" timestamp="2022-04-21T12:03:27 EDT" skipped="0">
  <testcase classname="com.crm.qa.testCases.LoginPageTest" name="loginPageTitleTest" time="11.908"/>
  <system-out/>
  <testcase classname="com.crm.qa.testCases.LoginPageTest" name="crmLogoImageTest" time="6.942"/>
  <system-out/>
  <testcase classname="com.crm.qa.testCases.LoginPageTest" name="loginTest" time="7.464"/>
  <system-out/>
</testsuite> <!-- com.crm.qa.testCases.LoginPageTest -->
